2024-08-13T00:02:09.776+02:00  INFO 19560 --- [eCommerce-FrontEnd] [restartedMain] c.e.F.e.ECommerceFrontEndApplication     : Starting ECommerceFrontEndApplication using Java 17.0.11 with PID 19560 (C:\Francesco\Progetto Betacom Finale\eCommerce-FrontEnd\target\classes started by HP in C:\Francesco\Progetto Betacom Finale\eCommerce-FrontEnd)
2024-08-13T00:02:09.789+02:00 DEBUG 19560 --- [eCommerce-FrontEnd] [restartedMain] c.e.F.e.ECommerceFrontEndApplication     : Running with Spring Boot v3.2.8, Spring v6.1.11
2024-08-13T00:02:09.791+02:00  INFO 19560 --- [eCommerce-FrontEnd] [restartedMain] c.e.F.e.ECommerceFrontEndApplication     : No active profile set, falling back to 1 default profile: "default"
2024-08-13T00:02:09.877+02:00  INFO 19560 --- [eCommerce-FrontEnd] [restartedMain] .e.DevToolsPropertyDefaultsPostProcessor : Devtools property defaults active! Set 'spring.devtools.add-properties' to 'false' to disable
2024-08-13T00:02:09.877+02:00  INFO 19560 --- [eCommerce-FrontEnd] [restartedMain] .e.DevToolsPropertyDefaultsPostProcessor : For additional web related logging consider setting the 'logging.level.web' property to 'DEBUG'
2024-08-13T00:02:11.211+02:00  INFO 19560 --- [eCommerce-FrontEnd] [restartedMain] o.s.b.w.embedded.tomcat.TomcatWebServer  : Tomcat initialized with port 8080 (http)
2024-08-13T00:02:11.232+02:00  INFO 19560 --- [eCommerce-FrontEnd] [restartedMain] o.apache.catalina.core.StandardService   : Starting service [Tomcat]
2024-08-13T00:02:11.233+02:00  INFO 19560 --- [eCommerce-FrontEnd] [restartedMain] o.apache.catalina.core.StandardEngine    : Starting Servlet engine: [Apache Tomcat/10.1.26]
2024-08-13T00:02:11.282+02:00  INFO 19560 --- [eCommerce-FrontEnd] [restartedMain] o.a.c.c.C.[Tomcat].[localhost].[/]       : Initializing Spring embedded WebApplicationContext
2024-08-13T00:02:11.282+02:00  INFO 19560 --- [eCommerce-FrontEnd] [restartedMain] w.s.c.ServletWebServerApplicationContext : Root WebApplicationContext: initialization completed in 1404 ms
2024-08-13T00:02:11.412+02:00 DEBUG 19560 --- [eCommerce-FrontEnd] [restartedMain] c.e.F.e.C.CustomUserDetailsService       : User load
2024-08-13T00:02:11.743+02:00 DEBUG 19560 --- [eCommerce-FrontEnd] [restartedMain] c.e.F.e.C.CustomUserDetailsService       : loadUser... ciccio@gmil.com
2024-08-13T00:02:12.182+02:00  WARN 19560 --- [eCommerce-FrontEnd] [restartedMain] ConfigServletWebServerApplicationContext : Exception encountered during context initialization - cancelling refresh attempt: org.springframework.beans.factory.UnsatisfiedDependencyException: Error creating bean with name 'org.springframework.security.config.annotation.web.configuration.WebSecurityConfiguration': Unsatisfied dependency expressed through method 'setFilterChains' parameter 0: Error creating bean with name 'securityFilterChain' defined in class path resource [com/eCommerce/FrontEnd/eCommerce_FrontEnd/Configuration/WebSecurityConfig.class]: Failed to instantiate [org.springframework.security.web.SecurityFilterChain]: Factory method 'securityFilterChain' threw exception with message: defaultTarget must start with '/' or with 'http(s)'
2024-08-13T00:02:12.185+02:00  INFO 19560 --- [eCommerce-FrontEnd] [restartedMain] o.apache.catalina.core.StandardService   : Stopping service [Tomcat]
2024-08-13T00:02:12.212+02:00  INFO 19560 --- [eCommerce-FrontEnd] [restartedMain] .s.b.a.l.ConditionEvaluationReportLogger : 

Error starting ApplicationContext. To display the condition evaluation report re-run your application with 'debug' enabled.
2024-08-13T00:02:12.241+02:00 ERROR 19560 --- [eCommerce-FrontEnd] [restartedMain] o.s.boot.SpringApplication               : Application run failed

org.springframework.beans.factory.UnsatisfiedDependencyException: Error creating bean with name 'org.springframework.security.config.annotation.web.configuration.WebSecurityConfiguration': Unsatisfied dependency expressed through method 'setFilterChains' parameter 0: Error creating bean with name 'securityFilterChain' defined in class path resource [com/eCommerce/FrontEnd/eCommerce_FrontEnd/Configuration/WebSecurityConfig.class]: Failed to instantiate [org.springframework.security.web.SecurityFilterChain]: Factory method 'securityFilterChain' threw exception with message: defaultTarget must start with '/' or with 'http(s)'
	at org.springframework.beans.factory.annotation.AutowiredAnnotationBeanPostProcessor$AutowiredMethodElement.resolveMethodArguments(AutowiredAnnotationBeanPostProcessor.java:895) ~[spring-beans-6.1.11.jar:6.1.11]
	at org.springframework.beans.factory.annotation.AutowiredAnnotationBeanPostProcessor$AutowiredMethodElement.inject(AutowiredAnnotationBeanPostProcessor.java:848) ~[spring-beans-6.1.11.jar:6.1.11]
	at org.springframework.beans.factory.annotation.InjectionMetadata.inject(InjectionMetadata.java:145) ~[spring-beans-6.1.11.jar:6.1.11]
	at org.springframework.beans.factory.annotation.AutowiredAnnotationBeanPostProcessor.postProcessProperties(AutowiredAnnotationBeanPostProcessor.java:508) ~[spring-beans-6.1.11.jar:6.1.11]
	at org.springframework.beans.factory.support.AbstractAutowireCapableBeanFactory.populateBean(AbstractAutowireCapableBeanFactory.java:1439) ~[spring-beans-6.1.11.jar:6.1.11]
	at org.springframework.beans.factory.support.AbstractAutowireCapableBeanFactory.doCreateBean(AbstractAutowireCapableBeanFactory.java:599) ~[spring-beans-6.1.11.jar:6.1.11]
	at org.springframework.beans.factory.support.AbstractAutowireCapableBeanFactory.createBean(AbstractAutowireCapableBeanFactory.java:522) ~[spring-beans-6.1.11.jar:6.1.11]
	at org.springframework.beans.factory.support.AbstractBeanFactory.lambda$doGetBean$0(AbstractBeanFactory.java:337) ~[spring-beans-6.1.11.jar:6.1.11]
	at org.springframework.beans.factory.support.DefaultSingletonBeanRegistry.getSingleton(DefaultSingletonBeanRegistry.java:234) ~[spring-beans-6.1.11.jar:6.1.11]
	at org.springframework.beans.factory.support.AbstractBeanFactory.doGetBean(AbstractBeanFactory.java:335) ~[spring-beans-6.1.11.jar:6.1.11]
	at org.springframework.beans.factory.support.AbstractBeanFactory.getBean(AbstractBeanFactory.java:200) ~[spring-beans-6.1.11.jar:6.1.11]
	at org.springframework.beans.factory.support.DefaultListableBeanFactory.preInstantiateSingletons(DefaultListableBeanFactory.java:975) ~[spring-beans-6.1.11.jar:6.1.11]
	at org.springframework.context.support.AbstractApplicationContext.finishBeanFactoryInitialization(AbstractApplicationContext.java:971) ~[spring-context-6.1.11.jar:6.1.11]
	at org.springframework.context.support.AbstractApplicationContext.refresh(AbstractApplicationContext.java:625) ~[spring-context-6.1.11.jar:6.1.11]
	at org.springframework.boot.web.servlet.context.ServletWebServerApplicationContext.refresh(ServletWebServerApplicationContext.java:146) ~[spring-boot-3.2.8.jar:3.2.8]
	at org.springframework.boot.SpringApplication.refresh(SpringApplication.java:754) ~[spring-boot-3.2.8.jar:3.2.8]
	at org.springframework.boot.SpringApplication.refreshContext(SpringApplication.java:456) ~[spring-boot-3.2.8.jar:3.2.8]
	at org.springframework.boot.SpringApplication.run(SpringApplication.java:335) ~[spring-boot-3.2.8.jar:3.2.8]
	at org.springframework.boot.SpringApplication.run(SpringApplication.java:1363) ~[spring-boot-3.2.8.jar:3.2.8]
	at org.springframework.boot.SpringApplication.run(SpringApplication.java:1352) ~[spring-boot-3.2.8.jar:3.2.8]
	at com.eCommerce.FrontEnd.eCommerce_FrontEnd.ECommerceFrontEndApplication.main(ECommerceFrontEndApplication.java:12) ~[classes/:na]
	at java.base/jdk.internal.reflect.NativeMethodAccessorImpl.invoke0(Native Method) ~[na:na]
	at java.base/jdk.internal.reflect.NativeMethodAccessorImpl.invoke(NativeMethodAccessorImpl.java:77) ~[na:na]
	at java.base/jdk.internal.reflect.DelegatingMethodAccessorImpl.invoke(DelegatingMethodAccessorImpl.java:43) ~[na:na]
	at java.base/java.lang.reflect.Method.invoke(Method.java:568) ~[na:na]
	at org.springframework.boot.devtools.restart.RestartLauncher.run(RestartLauncher.java:50) ~[spring-boot-devtools-3.2.8.jar:3.2.8]
Caused by: org.springframework.beans.factory.BeanCreationException: Error creating bean with name 'securityFilterChain' defined in class path resource [com/eCommerce/FrontEnd/eCommerce_FrontEnd/Configuration/WebSecurityConfig.class]: Failed to instantiate [org.springframework.security.web.SecurityFilterChain]: Factory method 'securityFilterChain' threw exception with message: defaultTarget must start with '/' or with 'http(s)'
	at org.springframework.beans.factory.support.ConstructorResolver.instantiate(ConstructorResolver.java:648) ~[spring-beans-6.1.11.jar:6.1.11]
	at org.springframework.beans.factory.support.ConstructorResolver.instantiateUsingFactoryMethod(ConstructorResolver.java:636) ~[spring-beans-6.1.11.jar:6.1.11]
	at org.springframework.beans.factory.support.AbstractAutowireCapableBeanFactory.instantiateUsingFactoryMethod(AbstractAutowireCapableBeanFactory.java:1355) ~[spring-beans-6.1.11.jar:6.1.11]
	at org.springframework.beans.factory.support.AbstractAutowireCapableBeanFactory.createBeanInstance(AbstractAutowireCapableBeanFactory.java:1185) ~[spring-beans-6.1.11.jar:6.1.11]
	at org.springframework.beans.factory.support.AbstractAutowireCapableBeanFactory.doCreateBean(AbstractAutowireCapableBeanFactory.java:562) ~[spring-beans-6.1.11.jar:6.1.11]
	at org.springframework.beans.factory.support.AbstractAutowireCapableBeanFactory.createBean(AbstractAutowireCapableBeanFactory.java:522) ~[spring-beans-6.1.11.jar:6.1.11]
	at org.springframework.beans.factory.support.AbstractBeanFactory.lambda$doGetBean$0(AbstractBeanFactory.java:337) ~[spring-beans-6.1.11.jar:6.1.11]
	at org.springframework.beans.factory.support.DefaultSingletonBeanRegistry.getSingleton(DefaultSingletonBeanRegistry.java:234) ~[spring-beans-6.1.11.jar:6.1.11]
	at org.springframework.beans.factory.support.AbstractBeanFactory.doGetBean(AbstractBeanFactory.java:335) ~[spring-beans-6.1.11.jar:6.1.11]
	at org.springframework.beans.factory.support.AbstractBeanFactory.getBean(AbstractBeanFactory.java:200) ~[spring-beans-6.1.11.jar:6.1.11]
	at org.springframework.beans.factory.config.DependencyDescriptor.resolveCandidate(DependencyDescriptor.java:254) ~[spring-beans-6.1.11.jar:6.1.11]
	at org.springframework.beans.factory.support.DefaultListableBeanFactory.addCandidateEntry(DefaultListableBeanFactory.java:1689) ~[spring-beans-6.1.11.jar:6.1.11]
	at org.springframework.beans.factory.support.DefaultListableBeanFactory.findAutowireCandidates(DefaultListableBeanFactory.java:1653) ~[spring-beans-6.1.11.jar:6.1.11]
	at org.springframework.beans.factory.support.DefaultListableBeanFactory.resolveMultipleBeanCollection(DefaultListableBeanFactory.java:1543) ~[spring-beans-6.1.11.jar:6.1.11]
	at org.springframework.beans.factory.support.DefaultListableBeanFactory.resolveMultipleBeans(DefaultListableBeanFactory.java:1511) ~[spring-beans-6.1.11.jar:6.1.11]
	at org.springframework.beans.factory.support.DefaultListableBeanFactory.doResolveDependency(DefaultListableBeanFactory.java:1392) ~[spring-beans-6.1.11.jar:6.1.11]
	at org.springframework.beans.factory.support.DefaultListableBeanFactory.resolveDependency(DefaultListableBeanFactory.java:1353) ~[spring-beans-6.1.11.jar:6.1.11]
	at org.springframework.beans.factory.annotation.AutowiredAnnotationBeanPostProcessor$AutowiredMethodElement.resolveMethodArguments(AutowiredAnnotationBeanPostProcessor.java:887) ~[spring-beans-6.1.11.jar:6.1.11]
	... 25 common frames omitted
Caused by: org.springframework.beans.BeanInstantiationException: Failed to instantiate [org.springframework.security.web.SecurityFilterChain]: Factory method 'securityFilterChain' threw exception with message: defaultTarget must start with '/' or with 'http(s)'
	at org.springframework.beans.factory.support.SimpleInstantiationStrategy.instantiate(SimpleInstantiationStrategy.java:178) ~[spring-beans-6.1.11.jar:6.1.11]
	at org.springframework.beans.factory.support.ConstructorResolver.instantiate(ConstructorResolver.java:644) ~[spring-beans-6.1.11.jar:6.1.11]
	... 42 common frames omitted
Caused by: java.lang.IllegalArgumentException: defaultTarget must start with '/' or with 'http(s)'
	at org.springframework.util.Assert.isTrue(Assert.java:111) ~[spring-core-6.1.11.jar:6.1.11]
	at org.springframework.security.web.authentication.AbstractAuthenticationTargetUrlRequestHandler.setDefaultTargetUrl(AbstractAuthenticationTargetUrlRequestHandler.java:162) ~[spring-security-web-6.2.5.jar:6.2.5]
	at org.springframework.security.config.annotation.web.configurers.AbstractAuthenticationFilterConfigurer.defaultSuccessUrl(AbstractAuthenticationFilterConfigurer.java:131) ~[spring-security-config-6.2.5.jar:6.2.5]
	at org.springframework.security.config.annotation.web.configurers.AbstractAuthenticationFilterConfigurer.defaultSuccessUrl(AbstractAuthenticationFilterConfigurer.java:116) ~[spring-security-config-6.2.5.jar:6.2.5]
	at com.eCommerce.FrontEnd.eCommerce_FrontEnd.Configuration.WebSecurityConfig.lambda$securityFilterChain$1(WebSecurityConfig.java:60) ~[classes/:na]
	at org.springframework.security.config.annotation.web.builders.HttpSecurity.formLogin(HttpSecurity.java:2195) ~[spring-security-config-6.2.5.jar:6.2.5]
	at com.eCommerce.FrontEnd.eCommerce_FrontEnd.Configuration.WebSecurityConfig.securityFilterChain(WebSecurityConfig.java:58) ~[classes/:na]
	at com.eCommerce.FrontEnd.eCommerce_FrontEnd.Configuration.WebSecurityConfig$$SpringCGLIB$$0.CGLIB$securityFilterChain$0(<generated>) ~[classes/:na]
	at com.eCommerce.FrontEnd.eCommerce_FrontEnd.Configuration.WebSecurityConfig$$SpringCGLIB$$FastClass$$1.invoke(<generated>) ~[classes/:na]
	at org.springframework.cglib.proxy.MethodProxy.invokeSuper(MethodProxy.java:258) ~[spring-core-6.1.11.jar:6.1.11]
	at org.springframework.context.annotation.ConfigurationClassEnhancer$BeanMethodInterceptor.intercept(ConfigurationClassEnhancer.java:348) ~[spring-context-6.1.11.jar:6.1.11]
	at com.eCommerce.FrontEnd.eCommerce_FrontEnd.Configuration.WebSecurityConfig$$SpringCGLIB$$0.securityFilterChain(<generated>) ~[classes/:na]
	at java.base/jdk.internal.reflect.NativeMethodAccessorImpl.invoke0(Native Method) ~[na:na]
	at java.base/jdk.internal.reflect.NativeMethodAccessorImpl.invoke(NativeMethodAccessorImpl.java:77) ~[na:na]
	at java.base/jdk.internal.reflect.DelegatingMethodAccessorImpl.invoke(DelegatingMethodAccessorImpl.java:43) ~[na:na]
	at java.base/java.lang.reflect.Method.invoke(Method.java:568) ~[na:na]
	at org.springframework.beans.factory.support.SimpleInstantiationStrategy.instantiate(SimpleInstantiationStrategy.java:146) ~[spring-beans-6.1.11.jar:6.1.11]
	... 43 common frames omitted

2024-08-13T00:04:18.998+02:00  INFO 6044 --- [eCommerce-FrontEnd] [restartedMain] c.e.F.e.ECommerceFrontEndApplication     : Starting ECommerceFrontEndApplication using Java 17.0.11 with PID 6044 (C:\Francesco\Progetto Betacom Finale\eCommerce-FrontEnd\target\classes started by HP in C:\Francesco\Progetto Betacom Finale\eCommerce-FrontEnd)
2024-08-13T00:04:19.002+02:00 DEBUG 6044 --- [eCommerce-FrontEnd] [restartedMain] c.e.F.e.ECommerceFrontEndApplication     : Running with Spring Boot v3.2.8, Spring v6.1.11
2024-08-13T00:04:19.003+02:00  INFO 6044 --- [eCommerce-FrontEnd] [restartedMain] c.e.F.e.ECommerceFrontEndApplication     : No active profile set, falling back to 1 default profile: "default"
2024-08-13T00:04:19.086+02:00  INFO 6044 --- [eCommerce-FrontEnd] [restartedMain] .e.DevToolsPropertyDefaultsPostProcessor : Devtools property defaults active! Set 'spring.devtools.add-properties' to 'false' to disable
2024-08-13T00:04:19.086+02:00  INFO 6044 --- [eCommerce-FrontEnd] [restartedMain] .e.DevToolsPropertyDefaultsPostProcessor : For additional web related logging consider setting the 'logging.level.web' property to 'DEBUG'
2024-08-13T00:04:20.463+02:00  INFO 6044 --- [eCommerce-FrontEnd] [restartedMain] o.s.b.w.embedded.tomcat.TomcatWebServer  : Tomcat initialized with port 8080 (http)
2024-08-13T00:04:20.482+02:00  INFO 6044 --- [eCommerce-FrontEnd] [restartedMain] o.apache.catalina.core.StandardService   : Starting service [Tomcat]
2024-08-13T00:04:20.483+02:00  INFO 6044 --- [eCommerce-FrontEnd] [restartedMain] o.apache.catalina.core.StandardEngine    : Starting Servlet engine: [Apache Tomcat/10.1.26]
2024-08-13T00:04:20.562+02:00  INFO 6044 --- [eCommerce-FrontEnd] [restartedMain] o.a.c.c.C.[Tomcat].[localhost].[/]       : Initializing Spring embedded WebApplicationContext
2024-08-13T00:04:20.564+02:00  INFO 6044 --- [eCommerce-FrontEnd] [restartedMain] w.s.c.ServletWebServerApplicationContext : Root WebApplicationContext: initialization completed in 1476 ms
2024-08-13T00:04:20.790+02:00 DEBUG 6044 --- [eCommerce-FrontEnd] [restartedMain] c.e.F.e.C.CustomUserDetailsService       : User load
2024-08-13T00:04:20.922+02:00 DEBUG 6044 --- [eCommerce-FrontEnd] [restartedMain] c.e.F.e.C.CustomUserDetailsService       : loadUser... ciccio@gmil.com
2024-08-13T00:04:21.401+02:00  INFO 6044 --- [eCommerce-FrontEnd] [restartedMain] o.s.s.web.DefaultSecurityFilterChain     : Will secure any request with [org.springframework.security.web.session.DisableEncodeUrlFilter@5e2be551, org.springframework.security.web.context.request.async.WebAsyncManagerIntegrationFilter@1422ed75, org.springframework.security.web.context.SecurityContextHolderFilter@ee44a86, org.springframework.security.web.header.HeaderWriterFilter@389d13e8, org.springframework.web.filter.CorsFilter@484c27c4, org.springframework.security.web.csrf.CsrfFilter@33827b5f, org.springframework.security.web.authentication.logout.LogoutFilter@13088efe, org.springframework.security.web.authentication.UsernamePasswordAuthenticationFilter@782482cf, org.springframework.security.web.savedrequest.RequestCacheAwareFilter@17148b0f, org.springframework.security.web.servletapi.SecurityContextHolderAwareRequestFilter@e4c36ae, org.springframework.security.web.authentication.AnonymousAuthenticationFilter@74ff794, org.springframework.security.web.access.ExceptionTranslationFilter@43207ee6, org.springframework.security.web.access.intercept.AuthorizationFilter@58025831]
2024-08-13T00:04:21.593+02:00  WARN 6044 --- [eCommerce-FrontEnd] [restartedMain] o.s.b.d.a.OptionalLiveReloadServer       : Unable to start LiveReload server
2024-08-13T00:04:21.640+02:00  INFO 6044 --- [eCommerce-FrontEnd] [restartedMain] o.s.b.w.embedded.tomcat.TomcatWebServer  : Tomcat started on port 8080 (http) with context path ''
2024-08-13T00:04:21.656+02:00  INFO 6044 --- [eCommerce-FrontEnd] [restartedMain] c.e.F.e.ECommerceFrontEndApplication     : Started ECommerceFrontEndApplication in 3.171 seconds (process running for 3.683)
2024-08-13T00:04:35.894+02:00  INFO 6044 --- [eCommerce-FrontEnd] [http-nio-8080-exec-2] o.a.c.c.C.[Tomcat].[localhost].[/]       : Initializing Spring DispatcherServlet 'dispatcherServlet'
2024-08-13T00:04:35.895+02:00  INFO 6044 --- [eCommerce-FrontEnd] [http-nio-8080-exec-2] o.s.web.servlet.DispatcherServlet        : Initializing Servlet 'dispatcherServlet'
2024-08-13T00:04:35.896+02:00  INFO 6044 --- [eCommerce-FrontEnd] [http-nio-8080-exec-2] o.s.web.servlet.DispatcherServlet        : Completed initialization in 1 ms
2024-08-13T00:06:17.378+02:00  INFO 15504 --- [eCommerce-FrontEnd] [restartedMain] c.e.F.e.ECommerceFrontEndApplication     : Starting ECommerceFrontEndApplication using Java 17.0.11 with PID 15504 (C:\Francesco\Progetto Betacom Finale\eCommerce-FrontEnd\target\classes started by HP in C:\Francesco\Progetto Betacom Finale\eCommerce-FrontEnd)
2024-08-13T00:06:17.384+02:00 DEBUG 15504 --- [eCommerce-FrontEnd] [restartedMain] c.e.F.e.ECommerceFrontEndApplication     : Running with Spring Boot v3.2.8, Spring v6.1.11
2024-08-13T00:06:17.385+02:00  INFO 15504 --- [eCommerce-FrontEnd] [restartedMain] c.e.F.e.ECommerceFrontEndApplication     : No active profile set, falling back to 1 default profile: "default"
2024-08-13T00:06:17.465+02:00  INFO 15504 --- [eCommerce-FrontEnd] [restartedMain] .e.DevToolsPropertyDefaultsPostProcessor : Devtools property defaults active! Set 'spring.devtools.add-properties' to 'false' to disable
2024-08-13T00:06:17.466+02:00  INFO 15504 --- [eCommerce-FrontEnd] [restartedMain] .e.DevToolsPropertyDefaultsPostProcessor : For additional web related logging consider setting the 'logging.level.web' property to 'DEBUG'
2024-08-13T00:06:19.194+02:00  INFO 15504 --- [eCommerce-FrontEnd] [restartedMain] o.s.b.w.embedded.tomcat.TomcatWebServer  : Tomcat initialized with port 8080 (http)
2024-08-13T00:06:19.207+02:00  INFO 15504 --- [eCommerce-FrontEnd] [restartedMain] o.apache.catalina.core.StandardService   : Starting service [Tomcat]
2024-08-13T00:06:19.208+02:00  INFO 15504 --- [eCommerce-FrontEnd] [restartedMain] o.apache.catalina.core.StandardEngine    : Starting Servlet engine: [Apache Tomcat/10.1.26]
2024-08-13T00:06:19.258+02:00  INFO 15504 --- [eCommerce-FrontEnd] [restartedMain] o.a.c.c.C.[Tomcat].[localhost].[/]       : Initializing Spring embedded WebApplicationContext
2024-08-13T00:06:19.259+02:00  INFO 15504 --- [eCommerce-FrontEnd] [restartedMain] w.s.c.ServletWebServerApplicationContext : Root WebApplicationContext: initialization completed in 1792 ms
2024-08-13T00:06:19.421+02:00 DEBUG 15504 --- [eCommerce-FrontEnd] [restartedMain] c.e.F.e.C.CustomUserDetailsService       : User load
2024-08-13T00:06:19.593+02:00 DEBUG 15504 --- [eCommerce-FrontEnd] [restartedMain] c.e.F.e.C.CustomUserDetailsService       : loadUser... ciccio@gmil.com
2024-08-13T00:06:20.167+02:00  INFO 15504 --- [eCommerce-FrontEnd] [restartedMain] o.s.s.web.DefaultSecurityFilterChain     : Will secure any request with [org.springframework.security.web.session.DisableEncodeUrlFilter@776e2401, org.springframework.security.web.context.request.async.WebAsyncManagerIntegrationFilter@3d8bb259, org.springframework.security.web.context.SecurityContextHolderFilter@577ae23, org.springframework.security.web.header.HeaderWriterFilter@58a43d6d, org.springframework.web.filter.CorsFilter@70487475, org.springframework.security.web.csrf.CsrfFilter@45736adf, org.springframework.security.web.authentication.logout.LogoutFilter@1c3cb504, org.springframework.security.web.authentication.UsernamePasswordAuthenticationFilter@6bb51520, org.springframework.security.web.savedrequest.RequestCacheAwareFilter@5d1fa30c, org.springframework.security.web.servletapi.SecurityContextHolderAwareRequestFilter@283bb47d, org.springframework.security.web.authentication.AnonymousAuthenticationFilter@4d99ad75, org.springframework.security.web.access.ExceptionTranslationFilter@5a599202, org.springframework.security.web.access.intercept.AuthorizationFilter@5a64bb5d]
2024-08-13T00:06:20.359+02:00  WARN 15504 --- [eCommerce-FrontEnd] [restartedMain] o.s.b.d.a.OptionalLiveReloadServer       : Unable to start LiveReload server
2024-08-13T00:06:20.413+02:00  INFO 15504 --- [eCommerce-FrontEnd] [restartedMain] o.s.b.w.embedded.tomcat.TomcatWebServer  : Tomcat started on port 8080 (http) with context path ''
2024-08-13T00:06:20.428+02:00  INFO 15504 --- [eCommerce-FrontEnd] [restartedMain] c.e.F.e.ECommerceFrontEndApplication     : Started ECommerceFrontEndApplication in 3.531 seconds (process running for 3.984)
2024-08-13T00:06:26.249+02:00  INFO 15504 --- [eCommerce-FrontEnd] [http-nio-8080-exec-1] o.a.c.c.C.[Tomcat].[localhost].[/]       : Initializing Spring DispatcherServlet 'dispatcherServlet'
2024-08-13T00:06:26.251+02:00  INFO 15504 --- [eCommerce-FrontEnd] [http-nio-8080-exec-1] o.s.web.servlet.DispatcherServlet        : Initializing Servlet 'dispatcherServlet'
2024-08-13T00:06:26.252+02:00  INFO 15504 --- [eCommerce-FrontEnd] [http-nio-8080-exec-1] o.s.web.servlet.DispatcherServlet        : Completed initialization in 1 ms
2024-08-13T00:07:15.650+02:00  INFO 11532 --- [eCommerce-FrontEnd] [restartedMain] c.e.F.e.ECommerceFrontEndApplication     : Starting ECommerceFrontEndApplication using Java 17.0.11 with PID 11532 (C:\Francesco\Progetto Betacom Finale\eCommerce-FrontEnd\target\classes started by HP in C:\Francesco\Progetto Betacom Finale\eCommerce-FrontEnd)
2024-08-13T00:07:15.653+02:00 DEBUG 11532 --- [eCommerce-FrontEnd] [restartedMain] c.e.F.e.ECommerceFrontEndApplication     : Running with Spring Boot v3.2.8, Spring v6.1.11
2024-08-13T00:07:15.654+02:00  INFO 11532 --- [eCommerce-FrontEnd] [restartedMain] c.e.F.e.ECommerceFrontEndApplication     : No active profile set, falling back to 1 default profile: "default"
2024-08-13T00:07:15.743+02:00  INFO 11532 --- [eCommerce-FrontEnd] [restartedMain] .e.DevToolsPropertyDefaultsPostProcessor : Devtools property defaults active! Set 'spring.devtools.add-properties' to 'false' to disable
2024-08-13T00:07:15.744+02:00  INFO 11532 --- [eCommerce-FrontEnd] [restartedMain] .e.DevToolsPropertyDefaultsPostProcessor : For additional web related logging consider setting the 'logging.level.web' property to 'DEBUG'
2024-08-13T00:07:17.246+02:00  INFO 11532 --- [eCommerce-FrontEnd] [restartedMain] o.s.b.w.embedded.tomcat.TomcatWebServer  : Tomcat initialized with port 8080 (http)
2024-08-13T00:07:17.263+02:00  INFO 11532 --- [eCommerce-FrontEnd] [restartedMain] o.apache.catalina.core.StandardService   : Starting service [Tomcat]
2024-08-13T00:07:17.264+02:00  INFO 11532 --- [eCommerce-FrontEnd] [restartedMain] o.apache.catalina.core.StandardEngine    : Starting Servlet engine: [Apache Tomcat/10.1.26]
2024-08-13T00:07:17.324+02:00  INFO 11532 --- [eCommerce-FrontEnd] [restartedMain] o.a.c.c.C.[Tomcat].[localhost].[/]       : Initializing Spring embedded WebApplicationContext
2024-08-13T00:07:17.324+02:00  INFO 11532 --- [eCommerce-FrontEnd] [restartedMain] w.s.c.ServletWebServerApplicationContext : Root WebApplicationContext: initialization completed in 1577 ms
2024-08-13T00:07:17.477+02:00 DEBUG 11532 --- [eCommerce-FrontEnd] [restartedMain] c.e.F.e.C.CustomUserDetailsService       : User load
2024-08-13T00:07:17.608+02:00 DEBUG 11532 --- [eCommerce-FrontEnd] [restartedMain] c.e.F.e.C.CustomUserDetailsService       : loadUser... ciccio@gmil.com
2024-08-13T00:07:18.117+02:00  INFO 11532 --- [eCommerce-FrontEnd] [restartedMain] o.s.s.web.DefaultSecurityFilterChain     : Will secure any request with [org.springframework.security.web.session.DisableEncodeUrlFilter@1bd07330, org.springframework.security.web.context.request.async.WebAsyncManagerIntegrationFilter@7181fc64, org.springframework.security.web.context.SecurityContextHolderFilter@1914d643, org.springframework.security.web.header.HeaderWriterFilter@26397171, org.springframework.web.filter.CorsFilter@7c4e487, org.springframework.security.web.csrf.CsrfFilter@122c3758, org.springframework.security.web.authentication.logout.LogoutFilter@53932782, org.springframework.security.web.authentication.UsernamePasswordAuthenticationFilter@753f3af2, org.springframework.security.web.savedrequest.RequestCacheAwareFilter@14375309, org.springframework.security.web.servletapi.SecurityContextHolderAwareRequestFilter@6ed13226, org.springframework.security.web.authentication.AnonymousAuthenticationFilter@315a1f22, org.springframework.security.web.access.ExceptionTranslationFilter@749cc115, org.springframework.security.web.access.intercept.AuthorizationFilter@24c4bdb6]
2024-08-13T00:07:18.321+02:00  WARN 11532 --- [eCommerce-FrontEnd] [restartedMain] o.s.b.d.a.OptionalLiveReloadServer       : Unable to start LiveReload server
2024-08-13T00:07:18.356+02:00  INFO 11532 --- [eCommerce-FrontEnd] [restartedMain] o.s.b.w.embedded.tomcat.TomcatWebServer  : Tomcat started on port 8080 (http) with context path ''
2024-08-13T00:07:18.369+02:00  INFO 11532 --- [eCommerce-FrontEnd] [restartedMain] c.e.F.e.ECommerceFrontEndApplication     : Started ECommerceFrontEndApplication in 3.235 seconds (process running for 3.785)
2024-08-13T00:07:18.519+02:00  INFO 11532 --- [eCommerce-FrontEnd] [http-nio-8080-exec-1] o.a.c.c.C.[Tomcat].[localhost].[/]       : Initializing Spring DispatcherServlet 'dispatcherServlet'
2024-08-13T00:07:18.520+02:00  INFO 11532 --- [eCommerce-FrontEnd] [http-nio-8080-exec-1] o.s.web.servlet.DispatcherServlet        : Initializing Servlet 'dispatcherServlet'
2024-08-13T00:07:18.521+02:00  INFO 11532 --- [eCommerce-FrontEnd] [http-nio-8080-exec-1] o.s.web.servlet.DispatcherServlet        : Completed initialization in 1 ms
